Unity Editor version:    2021.3.7f1 (24e8595d6d43)
Branch:                  2021.3/staging
Build type:              Release
Batch mode:              YES
macOS version:           Version 12.2.1 (Build 21D62)
Darwin version:          21.3.0
Architecture:            x86_64
Running under Rosetta:   NO
Available memory:        16384 MB
Using pre-set license
Pro License: YES

COMMAND LINE ARGUMENTS:
/Applications/Unity/Hub/Editor/2021.3.7f1/Unity.app/Contents/MacOS/Unity
-adb2
-batchMode
-noUpm
-name
AssetImportWorker0
-projectPath
/Users/briarzimmerman/Documents/git/games/Moheum
-logFile
Logs/AssetImportWorker0.log
-srvPort
61795
Successfully changed project path to: /Users/briarzimmerman/Documents/git/games/Moheum
/Users/briarzimmerman/Documents/git/games/Moheum
[UnityMemory] Configuration Parameters - Can be set up in boot.config
    "memorysetup-bucket-allocator-granularity=16"
    "memorysetup-bucket-allocator-bucket-count=8"
    "memorysetup-bucket-allocator-block-size=33554432"
    "memorysetup-bucket-allocator-block-count=8"
    "memorysetup-main-allocator-block-size=16777216"
    "memorysetup-thread-allocator-block-size=16777216"
    "memorysetup-gfx-main-allocator-block-size=16777216"
    "memorysetup-gfx-thread-allocator-block-size=16777216"
    "memorysetup-cache-allocator-block-size=4194304"
    "memorysetup-typetree-allocator-block-size=2097152"
    "memorysetup-profiler-bucket-allocator-granularity=16"
    "memorysetup-profiler-bucket-allocator-bucket-count=8"
    "memorysetup-profiler-bucket-allocator-block-size=33554432"
    "memorysetup-profiler-bucket-allocator-block-count=8"
    "memorysetup-profiler-allocator-block-size=16777216"
    "memorysetup-profiler-editor-allocator-block-size=1048576"
    "memorysetup-temp-allocator-size-main=16777216"
    "memorysetup-job-temp-allocator-block-size=2097152"
    "memorysetup-job-temp-allocator-block-size-background=1048576"
    "memorysetup-job-temp-allocator-reduction-small-platforms=262144"
    "memorysetup-temp-allocator-size-background-worker=32768"
    "memorysetup-temp-allocator-size-job-worker=262144"
    "memorysetup-temp-allocator-size-preload-manager=33554432"
    "memorysetup-temp-allocator-size-nav-mesh-worker=65536"
    "memorysetup-temp-allocator-size-audio-worker=65536"
    "memorysetup-temp-allocator-size-cloud-worker=32768"
    "memorysetup-temp-allocator-size-gi-baking-worker=262144"
    "memorysetup-temp-allocator-size-gfx=262144"
Refreshing native plugins compatible for Editor in 99.48 ms, found 2 plugins.
Preloading 0 native plugins for Editor in 0.00 ms.
Initialize engine version: 2021.3.7f1 (24e8595d6d43)
[Subsystems] Discovering subsystems at path /Applications/Unity/Hub/Editor/2021.3.7f1/Unity.app/Contents/Resources/UnitySubsystems
[Subsystems] Discovering subsystems at path /Users/briarzimmerman/Documents/git/games/Moheum/Assets
GfxDevice: creating device client; threaded=0; jobified=0
Color LCD preferred device: Intel(R) UHD Graphics 630 (low power)
Metal devices available: 2
0: AMD Radeon Pro 5300M (high power)
1: Intel(R) UHD Graphics 630 (low power)
Using device AMD Radeon Pro 5300M (high power)
Initializing Metal device caps: AMD Radeon Pro 5300M
Initialize mono
Mono path[0] = '/Applications/Unity/Hub/Editor/2021.3.7f1/Unity.app/Contents/Managed'
Mono path[1] = '/Applications/Unity/Hub/Editor/2021.3.7f1/Unity.app/Contents/MonoBleedingEdge/lib/mono/unityjit-macos'
Mono config path = '/Applications/Unity/Hub/Editor/2021.3.7f1/Unity.app/Contents/MonoBleedingEdge/etc'
Using monoOptions --debugger-agent=transport=dt_socket,embedding=1,server=y,suspend=n,address=127.0.0.1:56844
Begin MonoManager ReloadAssembly
Registering precompiled unity dll's ...
Register platform support module: /Applications/Unity/Hub/Editor/2021.3.7f1/PlaybackEngines/WebGLSupport/UnityEditor.WebGL.Extensions.dll
Register platform support module: /Applications/Unity/Hub/Editor/2021.3.7f1/Unity.app/Contents/PlaybackEngines/MacStandaloneSupport/UnityEditor.OSXStandalone.Extensions.dll
Registered in 0.004103 seconds.
Native extension for OSXStandalone target not found
Native extension for WebGL target not found
Refreshing native plugins compatible for Editor in 62.56 ms, found 2 plugins.
Preloading 0 native plugins for Editor in 0.00 ms.
Mono: successfully reloaded assembly
- Completed reload, in  0.730 seconds
Domain Reload Profiling:
	ReloadAssembly (731ms)
		BeginReloadAssembly (121ms)
			ExecutionOrderSort (0ms)
			DisableScriptedObjects (0ms)
			BackupInstance (0ms)
			ReleaseScriptingObjects (0ms)
			CreateAndSetChildDomain (1ms)
		EndReloadAssembly (487ms)
			LoadAssemblies (124ms)
			RebuildTransferFunctionScriptingTraits (0ms)
			SetupTypeCache (126ms)
			ReleaseScriptCaches (0ms)
			RebuildScriptCaches (34ms)
			SetupLoadedEditorAssemblies (272ms)
				LogAssemblyErrors (0ms)
				InitializePlatformSupportModulesInManaged (7ms)
				SetLoadedEditorAssemblies (0ms)
				RefreshPlugins (63ms)
				BeforeProcessingInitializeOnLoad (1ms)
				ProcessInitializeOnLoadAttributes (153ms)
				ProcessInitializeOnLoadMethodAttributes (48ms)
				AfterProcessingInitializeOnLoad (0ms)
				EditorAssembliesLoaded (0ms)
			ExecutionOrderSort2 (0ms)
			AwakeInstancesAfterBackupRestoration (0ms)
Platform modules already initialized, skipping
Registering precompiled user dll's ...
Registered in 0.008564 seconds.
Begin MonoManager ReloadAssembly
Native extension for OSXStandalone target not found
Native extension for WebGL target not found
Refreshing native plugins compatible for Editor in 0.97 ms, found 2 plugins.
Preloading 0 native plugins for Editor in 0.00 ms.
Package Manager log level set to [2]
Mono: successfully reloaded assembly
- Completed reload, in  1.209 seconds
Domain Reload Profiling:
	ReloadAssembly (1210ms)
		BeginReloadAssembly (105ms)
			ExecutionOrderSort (0ms)
			DisableScriptedObjects (7ms)
			BackupInstance (0ms)
			ReleaseScriptingObjects (0ms)
			CreateAndSetChildDomain (23ms)
		EndReloadAssembly (968ms)
			LoadAssemblies (111ms)
			RebuildTransferFunctionScriptingTraits (0ms)
			SetupTypeCache (233ms)
			ReleaseScriptCaches (1ms)
			RebuildScriptCaches (66ms)
			SetupLoadedEditorAssemblies (506ms)
				LogAssemblyErrors (0ms)
				InitializePlatformSupportModulesInManaged (5ms)
				SetLoadedEditorAssemblies (1ms)
				RefreshPlugins (1ms)
				BeforeProcessingInitializeOnLoad (63ms)
				ProcessInitializeOnLoadAttributes (267ms)
				ProcessInitializeOnLoadMethodAttributes (168ms)
				AfterProcessingInitializeOnLoad (1ms)
				EditorAssembliesLoaded (0ms)
			ExecutionOrderSort2 (0ms)
			AwakeInstancesAfterBackupRestoration (5ms)
Platform modules already initialized, skipping
========================================================================
Worker process is ready to serve import requests
Launching external process: /Applications/Unity/Hub/Editor/2021.3.7f1/Unity.app/Contents/Tools/UnityShaderCompiler
Launched and connected shader compiler UnityShaderCompiler after 0.09 seconds
Refreshing native plugins compatible for Editor in 1.01 ms, found 2 plugins.
Preloading 0 native plugins for Editor in 0.00 ms.
Unloading 2955 Unused Serialized files (Serialized files now loaded: 0)
Unloading 60 unused Assets / (44.8 KB). Loaded Objects now: 3392.
Memory consumption went from 208.3 MB to 208.3 MB.
Total: 8.798558 ms (FindLiveObjects: 0.291359 ms CreateObjectMapping: 0.217773 ms MarkObjects: 8.162530 ms  DeleteObjects: 0.125854 ms)

AssetImportParameters requested are different than current active one (requested -> active):
  custom:video-decoder-ogg-theora: a1e56fd34408186e4bbccfd4996cb3dc -> 
  custom:container-muxer-webm: aa71ff27fc2769a1b78a27578f13a17b -> 
  custom:container-demuxer-webm: 4f35f7cbe854078d1ac9338744f61a02 -> 
  custom:video-encoder-webm-vp8: eb34c28f22e8b96e1ab97ce403110664 -> 
  custom:framework-osx-AVFoundation: e770b220cccbd017edd2c1fefb359320 -> 
  custom:audio-encoder-webm-vorbis: bf7c407c2cedff20999df2af8eb42d56 -> 
  custom:container-demuxer-ogg: 62fdf1f143b41e24485cea50d1cbac27 -> 
  custom:video-decoder-webm-vp8: 9c59270c3fd7afecdb556c50c9e8de78 -> 
  custom:audio-decoder-ogg-vorbis: bf7c407c2cedff20999df2af8eb42d56 -> 
========================================================================
Received Import Request.
  Time since last request: 4394643.236503 seconds.
  path: Assets/Prefabs/IntroPanel.prefab
  artifactKey: Guid(a6ffc158da2b344688660adaa491e742) Importer(815301076,1909f56bfc062723c751e8b465ee728b)
Start importing Assets/Prefabs/IntroPanel.prefab using Guid(a6ffc158da2b344688660adaa491e742) Importer(815301076,1909f56bfc062723c751e8b465ee728b)  -> (artifact id: 'aa1cbf599ec0e4a6e779847cc80e03b7') in 0.183921 seconds 
========================================================================
Received Import Request.
  Time since last request: 0.000306 seconds.
  path: Assets/Palette/AdventurePalette.prefab
  artifactKey: Guid(2a91250fc640a4d3f92fde11615dca2b) Importer(815301076,1909f56bfc062723c751e8b465ee728b)
Start importing Assets/Palette/AdventurePalette.prefab using Guid(2a91250fc640a4d3f92fde11615dca2b) Importer(815301076,1909f56bfc062723c751e8b465ee728b)  -> (artifact id: '10814053c6082372bb1dbc2f63f6f948') in 0.297290 seconds 
========================================================================
Received Import Request.
  Time since last request: 0.000098 seconds.
  path: Assets/Prefabs/PlayerHero.prefab
  artifactKey: Guid(b9ca4bd7a05a64b8f8fb27498fcba398) Importer(815301076,1909f56bfc062723c751e8b465ee728b)
Start importing Assets/Prefabs/PlayerHero.prefab using Guid(b9ca4bd7a05a64b8f8fb27498fcba398) Importer(815301076,1909f56bfc062723c751e8b465ee728b)  -> (artifact id: 'd6e418180971b6263a28293efde21402') in 0.166086 seconds 
========================================================================
Received Import Request.
  Time since last request: 0.000093 seconds.
  path: Assets/ParticleSystems/StarParticleSystem.prefab
  artifactKey: Guid(eb225ed1dca1941de829b2c70b91cd8e) Importer(815301076,1909f56bfc062723c751e8b465ee728b)
Start importing Assets/ParticleSystems/StarParticleSystem.prefab using Guid(eb225ed1dca1941de829b2c70b91cd8e) Importer(815301076,1909f56bfc062723c751e8b465ee728b)  -> (artifact id: '16b9f3b85c87e94a1c17ad1755f7977e') in 0.127327 seconds 
========================================================================
Received Import Request.
  Time since last request: 0.000101 seconds.
  path: Assets/Fonts/Kenney Pixel Square.ttf
  artifactKey: Guid(68c2a7d2472e94d9b9bb02d3f7e24537) Importer(815301076,1909f56bfc062723c751e8b465ee728b)
Start importing Assets/Fonts/Kenney Pixel Square.ttf using Guid(68c2a7d2472e94d9b9bb02d3f7e24537) Importer(815301076,1909f56bfc062723c751e8b465ee728b)  -> (artifact id: '669f087c1b9d105645b800cbf86ddb70') in 2.572541 seconds 
========================================================================
Received Import Request.
  Time since last request: 0.000314 seconds.
  path: Assets/Fonts/Kenney High.ttf
  artifactKey: Guid(985e60af177ae48cc8f81ff98b1a79a7) Importer(815301076,1909f56bfc062723c751e8b465ee728b)
Start importing Assets/Fonts/Kenney High.ttf using Guid(985e60af177ae48cc8f81ff98b1a79a7) Importer(815301076,1909f56bfc062723c751e8b465ee728b)  -> (artifact id: '7f37fac52919bc64fb2e33ca6f7c3db8') in 0.038267 seconds 
========================================================================
Received Import Request.
  Time since last request: 0.000131 seconds.
  path: Assets/Brushes/XBuffBrush.asset
  artifactKey: Guid(42ee9183f885d4d178bd2c1f3d25ac34) Importer(815301076,1909f56bfc062723c751e8b465ee728b)
Start importing Assets/Brushes/XBuffBrush.asset using Guid(42ee9183f885d4d178bd2c1f3d25ac34) Importer(815301076,1909f56bfc062723c751e8b465ee728b)  -> (artifact id: 'd63b5192a7c7d81f2c71cfb96c2bf2fe') in 0.148864 seconds 
========================================================================
Received Import Request.
  Time since last request: 0.004679 seconds.
  path: Assets/Materials/StarMaterial.mat
  artifactKey: Guid(f083d310f6baf4a1293d6eb7976a8fe9) Importer(815301076,1909f56bfc062723c751e8b465ee728b)
Start importing Assets/Materials/StarMaterial.mat using Guid(f083d310f6baf4a1293d6eb7976a8fe9) Importer(815301076,1909f56bfc062723c751e8b465ee728b)  -> (artifact id: '223bec5dff2ff120c2922fd9abec9fb8') in 0.189424 seconds 
========================================================================
Received Import Request.
  Time since last request: 0.000109 seconds.
  path: Assets/ParticleSystems/HealingParticleSystem.prefab
  artifactKey: Guid(72b44e6a343e248c884bd13eef64dfad) Importer(815301076,1909f56bfc062723c751e8b465ee728b)
Start importing Assets/ParticleSystems/HealingParticleSystem.prefab using Guid(72b44e6a343e248c884bd13eef64dfad) Importer(815301076,1909f56bfc062723c751e8b465ee728b)  -> (artifact id: '92facd5248612fb2f29f4eeead507388') in 0.024261 seconds 
========================================================================
Received Import Request.
  Time since last request: 0.000156 seconds.
  path: Assets/Materials/SlashMaterial.mat
  artifactKey: Guid(22ed0ee0573c34cf9a85a32dca9f85de) Importer(815301076,1909f56bfc062723c751e8b465ee728b)
Start importing Assets/Materials/SlashMaterial.mat using Guid(22ed0ee0573c34cf9a85a32dca9f85de) Importer(815301076,1909f56bfc062723c751e8b465ee728b)  -> (artifact id: '1a601f5108019c8862ca32aaf596a044') in 0.017120 seconds 
========================================================================
Received Import Request.
  Time since last request: 0.000092 seconds.
  path: Assets/Prefabs/MCatchSkillA.prefab
  artifactKey: Guid(ebb3a87ed037a4272bf7d2533b6095e1) Importer(815301076,1909f56bfc062723c751e8b465ee728b)
Start importing Assets/Prefabs/MCatchSkillA.prefab using Guid(ebb3a87ed037a4272bf7d2533b6095e1) Importer(815301076,1909f56bfc062723c751e8b465ee728b)  -> (artifact id: '403ceb5b7a5e53998fa7d2469e723374') in 0.012903 seconds 
========================================================================
Received Import Request.
  Time since last request: 0.002991 seconds.
  path: Assets/Prefabs/NPC_Trainer2.prefab
  artifactKey: Guid(5d4a98ca7fb6c4396987f30fc9e3aa69) Importer(815301076,1909f56bfc062723c751e8b465ee728b)
Start importing Assets/Prefabs/NPC_Trainer2.prefab using Guid(5d4a98ca7fb6c4396987f30fc9e3aa69) Importer(815301076,1909f56bfc062723c751e8b465ee728b)  -> (artifact id: 'c5b384b792cc13aec207a0eea65096d3') in 0.026409 seconds 
========================================================================
Received Import Request.
  Time since last request: 0.000082 seconds.
  path: Assets/Fonts/Kenney Future Narrow.ttf
  artifactKey: Guid(8010fb1789ae3424493fbe65ded543f7) Importer(815301076,1909f56bfc062723c751e8b465ee728b)
Start importing Assets/Fonts/Kenney Future Narrow.ttf using Guid(8010fb1789ae3424493fbe65ded543f7) Importer(815301076,1909f56bfc062723c751e8b465ee728b)  -> (artifact id: '4ef101213363ab159658ccfd71c03094') in 0.021793 seconds 
========================================================================
Received Import Request.
  Time since last request: 0.000164 seconds.
  path: Assets/Prefabs/CatchPnl.prefab
  artifactKey: Guid(4e4277694fd4f472b8b983a14aa5d0da) Importer(815301076,1909f56bfc062723c751e8b465ee728b)
Start importing Assets/Prefabs/CatchPnl.prefab using Guid(4e4277694fd4f472b8b983a14aa5d0da) Importer(815301076,1909f56bfc062723c751e8b465ee728b)  -> (artifact id: '92f450d844f6484ad96a49d024a6512a') in 0.017177 seconds 
========================================================================
Received Import Request.
  Time since last request: 0.000108 seconds.
  path: Assets/Prefabs/FaderCanvas.prefab
  artifactKey: Guid(2fff957ae0e644de99ff2d7a75f0db8d) Importer(815301076,1909f56bfc062723c751e8b465ee728b)
Start importing Assets/Prefabs/FaderCanvas.prefab using Guid(2fff957ae0e644de99ff2d7a75f0db8d) Importer(815301076,1909f56bfc062723c751e8b465ee728b)  -> (artifact id: '31267ced1b42d6ef79576b6623b62b10') in 0.008251 seconds 
========================================================================
Received Import Request.
  Time since last request: 0.000088 seconds.
  path: Assets/ParticleSystems/CircleParticleSystem.prefab
  artifactKey: Guid(ad5a76bdf0cd8482f92446cc61db820f) Importer(815301076,1909f56bfc062723c751e8b465ee728b)
Start importing Assets/ParticleSystems/CircleParticleSystem.prefab using Guid(ad5a76bdf0cd8482f92446cc61db820f) Importer(815301076,1909f56bfc062723c751e8b465ee728b)  -> (artifact id: 'cd0094ed0849a39c437784098c48c1de') in 0.019304 seconds 
========================================================================
Received Import Request.
  Time since last request: 0.000096 seconds.
  path: Assets/Prefabs/AdventureGameManager.prefab
  artifactKey: Guid(244cfe737e90a40f7b6d224073c200ab) Importer(815301076,1909f56bfc062723c751e8b465ee728b)
Start importing Assets/Prefabs/AdventureGameManager.prefab using Guid(244cfe737e90a40f7b6d224073c200ab) Importer(815301076,1909f56bfc062723c751e8b465ee728b)  -> (artifact id: 'f7210acc57905be31bde2313fcc186cf') in 0.008604 seconds 
========================================================================
Received Import Request.
  Time since last request: 0.003372 seconds.
  path: Assets/Fonts/Kenney Rocket Square.ttf
  artifactKey: Guid(ca257202cd38f4b25aa1ceb6f91caafe) Importer(815301076,1909f56bfc062723c751e8b465ee728b)
Start importing Assets/Fonts/Kenney Rocket Square.ttf using Guid(ca257202cd38f4b25aa1ceb6f91caafe) Importer(815301076,1909f56bfc062723c751e8b465ee728b)  -> (artifact id: 'd2f8ed3fcb16b8cd3daea1c1b9ea2ab3') in 0.027537 seconds 
========================================================================
Received Import Request.
  Time since last request: 0.000093 seconds.
  path: Assets/Prefabs/GUIManagerCanvas.prefab
  artifactKey: Guid(8c2658ef6b06947cfa23d8e7aaa6c614) Importer(815301076,1909f56bfc062723c751e8b465ee728b)
Start importing Assets/Prefabs/GUIManagerCanvas.prefab using Guid(8c2658ef6b06947cfa23d8e7aaa6c614) Importer(815301076,1909f56bfc062723c751e8b465ee728b)  -> (artifact id: '7f7a14aff367193312d46fa5207a1743') in 0.033631 seconds 
========================================================================
Received Import Request.
  Time since last request: 0.000084 seconds.
  path: Assets/Brushes/ExitTileBrush.asset
  artifactKey: Guid(15ee46b150ec64ae28e53d1b729db0cf) Importer(815301076,1909f56bfc062723c751e8b465ee728b)
Start importing Assets/Brushes/ExitTileBrush.asset using Guid(15ee46b150ec64ae28e53d1b729db0cf) Importer(815301076,1909f56bfc062723c751e8b465ee728b)  -> (artifact id: '7100e36eeeb4013995555506468e1f88') in 0.009336 seconds 
========================================================================
Received Import Request.
  Time since last request: 0.000109 seconds.
  path: Assets/Brushes/PlantBrush.asset
  artifactKey: Guid(bfaf54df742ea4b3d87ade0884a9c7e5) Importer(815301076,1909f56bfc062723c751e8b465ee728b)
Start importing Assets/Brushes/PlantBrush.asset using Guid(bfaf54df742ea4b3d87ade0884a9c7e5) Importer(815301076,1909f56bfc062723c751e8b465ee728b)  -> (artifact id: 'f1618d220245ebd0fef079bf9f41f87e') in 0.007126 seconds 
========================================================================
Received Import Request.
  Time since last request: 0.000102 seconds.
  path: Assets/Prefabs/Main Camera.prefab
  artifactKey: Guid(407f307d6004b4afeaad71dcb4b8b66b) Importer(815301076,1909f56bfc062723c751e8b465ee728b)
Start importing Assets/Prefabs/Main Camera.prefab using Guid(407f307d6004b4afeaad71dcb4b8b66b) Importer(815301076,1909f56bfc062723c751e8b465ee728b)  -> (artifact id: '7f99bae9bf2655de369c6f6e63ded34f') in 0.007777 seconds 
========================================================================
Received Import Request.
  Time since last request: 0.000109 seconds.
  path: Assets/Materials/ElectricMaterial.mat
  artifactKey: Guid(697209308d561459aa39c6ebcaf439f4) Importer(815301076,1909f56bfc062723c751e8b465ee728b)
Start importing Assets/Materials/ElectricMaterial.mat using Guid(697209308d561459aa39c6ebcaf439f4) Importer(815301076,1909f56bfc062723c751e8b465ee728b)  -> (artifact id: 'f5f1cb196b5f8e1c3375954dbc800101') in 0.016186 seconds 
========================================================================
Received Import Request.
  Time since last request: 0.003888 seconds.
  path: Assets/Fonts/Kenney Future.ttf
  artifactKey: Guid(334ed4602ee984413ae4c3d37472b420) Importer(815301076,1909f56bfc062723c751e8b465ee728b)
Start importing Assets/Fonts/Kenney Future.ttf using Guid(334ed4602ee984413ae4c3d37472b420) Importer(815301076,1909f56bfc062723c751e8b465ee728b)  -> (artifact id: '3179a967e31b86263d205f35e8371015') in 0.027729 seconds 
========================================================================
Received Import Request.
  Time since last request: 0.000089 seconds.
  path: Assets/Fonts/OldTimey.ttf
  artifactKey: Guid(ea6fd1413df464ab1bf29548545d9cd4) Importer(815301076,1909f56bfc062723c751e8b465ee728b)
Start importing Assets/Fonts/OldTimey.ttf using Guid(ea6fd1413df464ab1bf29548545d9cd4) Importer(815301076,1909f56bfc062723c751e8b465ee728b)  -> (artifact id: '992defa36c953a13fdf055745de2e998') in 0.020135 seconds 
========================================================================
Received Import Request.
  Time since last request: 0.000090 seconds.
  path: Assets/Materials/SmokeMaterial.mat
  artifactKey: Guid(051609d9dd4294fc5a05641969b19053) Importer(815301076,1909f56bfc062723c751e8b465ee728b)
Start importing Assets/Materials/SmokeMaterial.mat using Guid(051609d9dd4294fc5a05641969b19053) Importer(815301076,1909f56bfc062723c751e8b465ee728b)  -> (artifact id: 'c6b23e363c19a922da979e6f1b847e1f') in 0.019156 seconds 
========================================================================
Received Import Request.
  Time since last request: 0.000125 seconds.
  path: Assets/Prefabs/NPC_WhiteMage.prefab
  artifactKey: Guid(633a26ae6257b4eb8b2cc91ff16e85cd) Importer(815301076,1909f56bfc062723c751e8b465ee728b)
Start importing Assets/Prefabs/NPC_WhiteMage.prefab using Guid(633a26ae6257b4eb8b2cc91ff16e85cd) Importer(815301076,1909f56bfc062723c751e8b465ee728b) Asset 'NPCWhiteMage': Transition 'AnyState -> Down' in state 'AnyState' doesn't have an Exit Time or any condition, transition will be ignored
UnityEngine.StackTraceUtility:ExtractStackTrace () (at /Users/bokken/buildslave/unity/build/Runtime/Export/Scripting/StackTrace.cs:37)
UnityEditor.EditorUtility:Internal_InstantiateRemoveAllNonAnimationComponentsSingle (UnityEngine.Object,UnityEngine.Vector3,UnityEngine.Quaternion)
UnityEditor.EditorUtility:InstantiateRemoveAllNonAnimationComponents (UnityEngine.Object,UnityEngine.Vector3,UnityEngine.Quaternion) (at /Users/bokken/buildslave/unity/build/Editor/Mono/EditorUtility.cs:649)
UnityEditor.EditorUtility:InstantiateForAnimatorPreview (UnityEngine.Object) (at /Users/bokken/buildslave/unity/build/Editor/Mono/EditorUtility.cs:615)
UnityEditor.GameObjectInspector/PreviewData:UpdateGameObject (UnityEngine.Object) (at /Users/bokken/buildslave/unity/build/Editor/Mono/Inspector/GameObjectInspector.cs:101)
UnityEditor.GameObjectInspector/PreviewData:.ctor (UnityEngine.Object) (at /Users/bokken/buildslave/unity/build/Editor/Mono/Inspector/GameObjectInspector.cs:95)
UnityEditor.GameObjectInspector:GetPreviewData () (at /Users/bokken/buildslave/unity/build/Editor/Mono/Inspector/GameObjectInspector.cs:677)
UnityEditor.GameObjectInspector:RenderStaticPreview (string,UnityEngine.Object[],int,int) (at /Users/bokken/buildslave/unity/build/Editor/Mono/Inspector/GameObjectInspector.cs:887)
UnityEditor.AssetPreviewUpdater:CreatePreview (UnityEngine.Object,UnityEngine.Object[],string,int,int) (at /Users/bokken/buildslave/unity/build/Editor/Mono/AssetPreviewUpdater.cs:38)
UnityEditor.AssetPreviewUpdater:CreatePreviewForAsset (UnityEngine.Object,UnityEngine.Object[],string) (at /Users/bokken/buildslave/unity/build/Editor/Mono/AssetPreviewUpdater.cs:9)

[/Users/bokken/buildslave/unity/build/Runtime/Export/Scripting/StackTrace.cs line 37]

Asset 'NPCWhiteMage': Transition 'AnyState -> Up' in state 'AnyState' doesn't have an Exit Time or any condition, transition will be ignored
UnityEngine.StackTraceUtility:ExtractStackTrace () (at /Users/bokken/buildslave/unity/build/Runtime/Export/Scripting/StackTrace.cs:37)
UnityEditor.EditorUtility:Internal_InstantiateRemoveAllNonAnimationComponentsSingle (UnityEngine.Object,UnityEngine.Vector3,UnityEngine.Quaternion)
UnityEditor.EditorUtility:InstantiateRemoveAllNonAnimationComponents (UnityEngine.Object,UnityEngine.Vector3,UnityEngine.Quaternion) (at /Users/bokken/buildslave/unity/build/Editor/Mono/EditorUtility.cs:649)
UnityEditor.EditorUtility:InstantiateForAnimatorPreview (UnityEngine.Object) (at /Users/bokken/buildslave/unity/build/Editor/Mono/EditorUtility.cs:615)
UnityEditor.GameObjectInspector/PreviewData:UpdateGameObject (UnityEngine.Object) (at /Users/bokken/buildslave/unity/build/Editor/Mono/Inspector/GameObjectInspector.cs:101)
UnityEditor.GameObjectInspector/PreviewData:.ctor (UnityEngine.Object) (at /Users/bokken/buildslave/unity/build/Editor/Mono/Inspector/GameObjectInspector.cs:95)
UnityEditor.GameObjectInspector:GetPreviewData () (at /Users/bokken/buildslave/unity/build/Editor/Mono/Inspector/GameObjectInspector.cs:677)
UnityEditor.GameObjectInspector:RenderStaticPreview (string,UnityEngine.Object[],int,int) (at /Users/bokken/buildslave/unity/build/Editor/Mono/Inspector/GameObjectInspector.cs:887)
UnityEditor.AssetPreviewUpdater:CreatePreview (UnityEngine.Object,UnityEngine.Object[],string,int,int) (at /Users/bokken/buildslave/unity/build/Editor/Mono/AssetPreviewUpdater.cs:38)
UnityEditor.AssetPreviewUpdater:CreatePreviewForAsset (UnityEngine.Object,UnityEngine.Object[],string) (at /Users/bokken/buildslave/unity/build/Editor/Mono/AssetPreviewUpdater.cs:9)

[/Users/bokken/buildslave/unity/build/Runtime/Export/Scripting/StackTrace.cs line 37]

Asset 'NPCWhiteMage': Transition 'AnyState -> Right' in state 'AnyState' doesn't have an Exit Time or any condition, transition will be ignored
UnityEngine.StackTraceUtility:ExtractStackTrace () (at /Users/bokken/buildslave/unity/build/Runtime/Export/Scripting/StackTrace.cs:37)
UnityEditor.EditorUtility:Internal_InstantiateRemoveAllNonAnimationComponentsSingle (UnityEngine.Object,UnityEngine.Vector3,UnityEngine.Quaternion)
UnityEditor.EditorUtility:InstantiateRemoveAllNonAnimationComponents (UnityEngine.Object,UnityEngine.Vector3,UnityEngine.Quaternion) (at /Users/bokken/buildslave/unity/build/Editor/Mono/EditorUtility.cs:649)
UnityEditor.EditorUtility:InstantiateForAnimatorPreview (UnityEngine.Object) (at /Users/bokken/buildslave/unity/build/Editor/Mono/EditorUtility.cs:615)
UnityEditor.GameObjectInspector/PreviewData:UpdateGameObject (UnityEngine.Object) (at /Users/bokken/buildslave/unity/build/Editor/Mono/Inspector/GameObjectInspector.cs:101)
UnityEditor.GameObjectInspector/PreviewData:.ctor (UnityEngine.Object) (at /Users/bokken/buildslave/unity/build/Editor/Mono/Inspector/GameObjectInspector.cs:95)
UnityEditor.GameObjectInspector:GetPreviewData () (at /Users/bokken/buildslave/unity/build/Editor/Mono/Inspector/GameObjectInspector.cs:677)
UnityEditor.GameObjectInspector:RenderStaticPreview (string,UnityEngine.Object[],int,int) (at /Users/bokken/buildslave/unity/build/Editor/Mono/Inspector/GameObjectInspector.cs:887)
UnityEditor.AssetPreviewUpdater:CreatePreview (UnityEngine.Object,UnityEngine.Object[],string,int,int) (at /Users/bokken/buildslave/unity/build/Editor/Mono/AssetPreviewUpdater.cs:38)
UnityEditor.AssetPreviewUpdater:CreatePreviewForAsset (UnityEngine.Object,UnityEngine.Object[],string) (at /Users/bokken/buildslave/unity/build/Editor/Mono/AssetPreviewUpdater.cs:9)

[/Users/bokken/buildslave/unity/build/Runtime/Export/Scripting/StackTrace.cs line 37]

Asset 'NPCWhiteMage': Transition 'AnyState -> Left' in state 'AnyState' doesn't have an Exit Time or any condition, transition will be ignored
UnityEngine.StackTraceUtility:ExtractStackTrace () (at /Users/bokken/buildslave/unity/build/Runtime/Export/Scripting/StackTrace.cs:37)
UnityEditor.EditorUtility:Internal_InstantiateRemoveAllNonAnimationComponentsSingle (UnityEngine.Object,UnityEngine.Vector3,UnityEngine.Quaternion)
UnityEditor.EditorUtility:InstantiateRemoveAllNonAnimationComponents (UnityEngine.Object,UnityEngine.Vector3,UnityEngine.Quaternion) (at /Users/bokken/buildslave/unity/build/Editor/Mono/EditorUtility.cs:649)
UnityEditor.EditorUtility:InstantiateForAnimatorPreview (UnityEngine.Object) (at /Users/bokken/buildslave/unity/build/Editor/Mono/EditorUtility.cs:615)
UnityEditor.GameObjectInspector/PreviewData:UpdateGameObject (UnityEngine.Object) (at /Users/bokken/buildslave/unity/build/Editor/Mono/Inspector/GameObjectInspector.cs:101)
UnityEditor.GameObjectInspector/PreviewData:.ctor (UnityEngine.Object) (at /Users/bokken/buildslave/unity/build/Editor/Mono/Inspector/GameObjectInspector.cs:95)
UnityEditor.GameObjectInspector:GetPreviewData () (at /Users/bokken/buildslave/unity/build/Editor/Mono/Inspector/GameObjectInspector.cs:677)
UnityEditor.GameObjectInspector:RenderStaticPreview (string,UnityEngine.Object[],int,int) (at /Users/bokken/buildslave/unity/build/Editor/Mono/Inspector/GameObjectInspector.cs:887)
UnityEditor.AssetPreviewUpdater:CreatePreview (UnityEngine.Object,UnityEngine.Object[],string,int,int) (at /Users/bokken/buildslave/unity/build/Editor/Mono/AssetPreviewUpdater.cs:38)
UnityEditor.AssetPreviewUpdater:CreatePreviewForAsset (UnityEngine.Object,UnityEngine.Object[],string) (at /Users/bokken/buildslave/unity/build/Editor/Mono/AssetPreviewUpdater.cs:9)

[/Users/bokken/buildslave/unity/build/Runtime/Export/Scripting/StackTrace.cs line 37]

 -> (artifact id: '705777072a5aef95ec87646d1b8577d2') in 0.022616 seconds 
========================================================================
Received Import Request.
  Time since last request: 0.000117 seconds.
  path: Assets/Prefabs/PButtonActions.prefab
  artifactKey: Guid(48bbe628d31ac432a8cf79a93b6a7068) Importer(815301076,1909f56bfc062723c751e8b465ee728b)
Start importing Assets/Prefabs/PButtonActions.prefab using Guid(48bbe628d31ac432a8cf79a93b6a7068) Importer(815301076,1909f56bfc062723c751e8b465ee728b)  -> (artifact id: '7439dbff90c8a465532bc3f8eb6620a0') in 0.008101 seconds 
========================================================================
Received Import Request.
  Time since last request: 0.000113 seconds.
  path: Assets/Materials/DirtMaterial.mat
  artifactKey: Guid(d5b1e970225a047b79038f43dd256e71) Importer(815301076,1909f56bfc062723c751e8b465ee728b)
Start importing Assets/Materials/DirtMaterial.mat using Guid(d5b1e970225a047b79038f43dd256e71) Importer(815301076,1909f56bfc062723c751e8b465ee728b)  -> (artifact id: 'dc90871a53bd09aa3c8adee283662506') in 0.023203 seconds 
========================================================================
Received Import Request.
  Time since last request: 0.000110 seconds.
  path: Assets/Brushes/HeroKnightBrush.asset
  artifactKey: Guid(491a3bce8e8804c7a8673815c9c771ec) Importer(815301076,1909f56bfc062723c751e8b465ee728b)
Start importing Assets/Brushes/HeroKnightBrush.asset using Guid(491a3bce8e8804c7a8673815c9c771ec) Importer(815301076,1909f56bfc062723c751e8b465ee728b)  -> (artifact id: '3b476b76755f7610988a114b6154bfff') in 0.008400 seconds 
========================================================================
Received Import Request.
  Time since last request: 0.000120 seconds.
  path: Assets/ParticleSystems/HeartParticleSystem.prefab
  artifactKey: Guid(c52067fe7f17e490cba027678fb2ff58) Importer(815301076,1909f56bfc062723c751e8b465ee728b)
Start importing Assets/ParticleSystems/HeartParticleSystem.prefab using Guid(c52067fe7f17e490cba027678fb2ff58) Importer(815301076,1909f56bfc062723c751e8b465ee728b)  -> (artifact id: '98a8f1ca5f4b32285c8dbb6ac0e847a3') in 0.014512 seconds 
========================================================================
Received Import Request.
  Time since last request: 0.000096 seconds.
  path: Assets/Prefabs/BattleOverlay.prefab
  artifactKey: Guid(955f0386c1636428d85159b58d023121) Importer(815301076,1909f56bfc062723c751e8b465ee728b)
Start importing Assets/Prefabs/BattleOverlay.prefab using Guid(955f0386c1636428d85159b58d023121) Importer(815301076,1909f56bfc062723c751e8b465ee728b)  -> (artifact id: 'fa752aaf0e0f253615cafc0844354474') in 0.012803 seconds 
========================================================================
Received Import Request.
  Time since last request: 0.000114 seconds.
  path: Assets/Brushes/InteractableBrush.asset
  artifactKey: Guid(f5d39a979438d4a9bb391d3dd2b5a1dd) Importer(815301076,1909f56bfc062723c751e8b465ee728b)
Start importing Assets/Brushes/InteractableBrush.asset using Guid(f5d39a979438d4a9bb391d3dd2b5a1dd) Importer(815301076,1909f56bfc062723c751e8b465ee728b)  -> (artifact id: '22ba3a2c976913e55d4ac5ac2feac65f') in 0.008886 seconds 
========================================================================
Received Import Request.
  Time since last request: 0.000120 seconds.
  path: Assets/Materials/FireMaterial.mat
  artifactKey: Guid(eeea820b6584344b68d392b188a1c6ee) Importer(815301076,1909f56bfc062723c751e8b465ee728b)
Start importing Assets/Materials/FireMaterial.mat using Guid(eeea820b6584344b68d392b188a1c6ee) Importer(815301076,1909f56bfc062723c751e8b465ee728b)  -> (artifact id: 'bc64bc2d10f8012c708283eb2981e8c4') in 0.019195 seconds 
Editor requested this worker to shutdown with reason: Scaling down because of idle timeout
AssetImportWorker is now disconnected from the server
Process exiting
