Unity Editor version:    2021.3.7f1 (24e8595d6d43)
Branch:                  2021.3/staging
Build type:              Release
Batch mode:              YES
macOS version:           Version 12.2.1 (Build 21D62)
Darwin version:          21.3.0
Architecture:            x86_64
Running under Rosetta:   NO
Available memory:        16384 MB
Using pre-set license
Pro License: YES

COMMAND LINE ARGUMENTS:
/Applications/Unity/Hub/Editor/2021.3.7f1/Unity.app/Contents/MacOS/Unity
-adb2
-batchMode
-noUpm
-name
AssetImportWorker4
-projectPath
/Users/briarzimmerman/Documents/git/games/Moheum
-logFile
Logs/AssetImportWorker4.log
-srvPort
61795
Successfully changed project path to: /Users/briarzimmerman/Documents/git/games/Moheum
/Users/briarzimmerman/Documents/git/games/Moheum
[UnityMemory] Configuration Parameters - Can be set up in boot.config
    "memorysetup-bucket-allocator-granularity=16"
    "memorysetup-bucket-allocator-bucket-count=8"
    "memorysetup-bucket-allocator-block-size=33554432"
    "memorysetup-bucket-allocator-block-count=8"
    "memorysetup-main-allocator-block-size=16777216"
    "memorysetup-thread-allocator-block-size=16777216"
    "memorysetup-gfx-main-allocator-block-size=16777216"
    "memorysetup-gfx-thread-allocator-block-size=16777216"
    "memorysetup-cache-allocator-block-size=4194304"
    "memorysetup-typetree-allocator-block-size=2097152"
    "memorysetup-profiler-bucket-allocator-granularity=16"
    "memorysetup-profiler-bucket-allocator-bucket-count=8"
    "memorysetup-profiler-bucket-allocator-block-size=33554432"
    "memorysetup-profiler-bucket-allocator-block-count=8"
    "memorysetup-profiler-allocator-block-size=16777216"
    "memorysetup-profiler-editor-allocator-block-size=1048576"
    "memorysetup-temp-allocator-size-main=16777216"
    "memorysetup-job-temp-allocator-block-size=2097152"
    "memorysetup-job-temp-allocator-block-size-background=1048576"
    "memorysetup-job-temp-allocator-reduction-small-platforms=262144"
    "memorysetup-temp-allocator-size-background-worker=32768"
    "memorysetup-temp-allocator-size-job-worker=262144"
    "memorysetup-temp-allocator-size-preload-manager=33554432"
    "memorysetup-temp-allocator-size-nav-mesh-worker=65536"
    "memorysetup-temp-allocator-size-audio-worker=65536"
    "memorysetup-temp-allocator-size-cloud-worker=32768"
    "memorysetup-temp-allocator-size-gi-baking-worker=262144"
    "memorysetup-temp-allocator-size-gfx=262144"
Refreshing native plugins compatible for Editor in 126.15 ms, found 2 plugins.
Preloading 0 native plugins for Editor in 0.00 ms.
Initialize engine version: 2021.3.7f1 (24e8595d6d43)
[Subsystems] Discovering subsystems at path /Applications/Unity/Hub/Editor/2021.3.7f1/Unity.app/Contents/Resources/UnitySubsystems
[Subsystems] Discovering subsystems at path /Users/briarzimmerman/Documents/git/games/Moheum/Assets
GfxDevice: creating device client; threaded=0; jobified=0
Color LCD preferred device: Intel(R) UHD Graphics 630 (low power)
Metal devices available: 2
0: AMD Radeon Pro 5300M (high power)
1: Intel(R) UHD Graphics 630 (low power)
Using device AMD Radeon Pro 5300M (high power)
Initializing Metal device caps: AMD Radeon Pro 5300M
Initialize mono
Mono path[0] = '/Applications/Unity/Hub/Editor/2021.3.7f1/Unity.app/Contents/Managed'
Mono path[1] = '/Applications/Unity/Hub/Editor/2021.3.7f1/Unity.app/Contents/MonoBleedingEdge/lib/mono/unityjit-macos'
Mono config path = '/Applications/Unity/Hub/Editor/2021.3.7f1/Unity.app/Contents/MonoBleedingEdge/etc'
Using monoOptions --debugger-agent=transport=dt_socket,embedding=1,server=y,suspend=n,address=127.0.0.1:56179
Begin MonoManager ReloadAssembly
Registering precompiled unity dll's ...
Register platform support module: /Applications/Unity/Hub/Editor/2021.3.7f1/PlaybackEngines/WebGLSupport/UnityEditor.WebGL.Extensions.dll
Register platform support module: /Applications/Unity/Hub/Editor/2021.3.7f1/Unity.app/Contents/PlaybackEngines/MacStandaloneSupport/UnityEditor.OSXStandalone.Extensions.dll
Registered in 0.003457 seconds.
Native extension for OSXStandalone target not found
Native extension for WebGL target not found
Refreshing native plugins compatible for Editor in 65.03 ms, found 2 plugins.
Preloading 0 native plugins for Editor in 0.00 ms.
Mono: successfully reloaded assembly
- Completed reload, in  0.725 seconds
Domain Reload Profiling:
	ReloadAssembly (726ms)
		BeginReloadAssembly (115ms)
			ExecutionOrderSort (0ms)
			DisableScriptedObjects (0ms)
			BackupInstance (0ms)
			ReleaseScriptingObjects (0ms)
			CreateAndSetChildDomain (1ms)
		EndReloadAssembly (486ms)
			LoadAssemblies (117ms)
			RebuildTransferFunctionScriptingTraits (0ms)
			SetupTypeCache (124ms)
			ReleaseScriptCaches (0ms)
			RebuildScriptCaches (34ms)
			SetupLoadedEditorAssemblies (276ms)
				LogAssemblyErrors (0ms)
				InitializePlatformSupportModulesInManaged (7ms)
				SetLoadedEditorAssemblies (0ms)
				RefreshPlugins (65ms)
				BeforeProcessingInitializeOnLoad (1ms)
				ProcessInitializeOnLoadAttributes (155ms)
				ProcessInitializeOnLoadMethodAttributes (47ms)
				AfterProcessingInitializeOnLoad (0ms)
				EditorAssembliesLoaded (0ms)
			ExecutionOrderSort2 (0ms)
			AwakeInstancesAfterBackupRestoration (0ms)
Platform modules already initialized, skipping
Registering precompiled user dll's ...
Registered in 0.009484 seconds.
Begin MonoManager ReloadAssembly
Native extension for OSXStandalone target not found
Native extension for WebGL target not found
Refreshing native plugins compatible for Editor in 1.05 ms, found 2 plugins.
Preloading 0 native plugins for Editor in 0.00 ms.
Package Manager log level set to [2]
Mono: successfully reloaded assembly
- Completed reload, in  1.141 seconds
Domain Reload Profiling:
	ReloadAssembly (1142ms)
		BeginReloadAssembly (94ms)
			ExecutionOrderSort (0ms)
			DisableScriptedObjects (6ms)
			BackupInstance (0ms)
			ReleaseScriptingObjects (0ms)
			CreateAndSetChildDomain (21ms)
		EndReloadAssembly (916ms)
			LoadAssemblies (100ms)
			RebuildTransferFunctionScriptingTraits (0ms)
			SetupTypeCache (228ms)
			ReleaseScriptCaches (0ms)
			RebuildScriptCaches (65ms)
			SetupLoadedEditorAssemblies (465ms)
				LogAssemblyErrors (0ms)
				InitializePlatformSupportModulesInManaged (5ms)
				SetLoadedEditorAssemblies (1ms)
				RefreshPlugins (1ms)
				BeforeProcessingInitializeOnLoad (65ms)
				ProcessInitializeOnLoadAttributes (248ms)
				ProcessInitializeOnLoadMethodAttributes (144ms)
				AfterProcessingInitializeOnLoad (1ms)
				EditorAssembliesLoaded (0ms)
			ExecutionOrderSort2 (0ms)
			AwakeInstancesAfterBackupRestoration (5ms)
Platform modules already initialized, skipping
========================================================================
Worker process is ready to serve import requests
Launching external process: /Applications/Unity/Hub/Editor/2021.3.7f1/Unity.app/Contents/Tools/UnityShaderCompiler
Launched and connected shader compiler UnityShaderCompiler after 0.07 seconds
Refreshing native plugins compatible for Editor in 1.26 ms, found 2 plugins.
Preloading 0 native plugins for Editor in 0.00 ms.
Unloading 2955 Unused Serialized files (Serialized files now loaded: 0)
Unloading 60 unused Assets / (44.8 KB). Loaded Objects now: 3392.
Memory consumption went from 208.5 MB to 208.5 MB.
Total: 7.687613 ms (FindLiveObjects: 0.255633 ms CreateObjectMapping: 0.190591 ms MarkObjects: 7.136557 ms  DeleteObjects: 0.103866 ms)

AssetImportParameters requested are different than current active one (requested -> active):
  custom:video-decoder-ogg-theora: a1e56fd34408186e4bbccfd4996cb3dc -> 
  custom:container-muxer-webm: aa71ff27fc2769a1b78a27578f13a17b -> 
  custom:container-demuxer-webm: 4f35f7cbe854078d1ac9338744f61a02 -> 
  custom:video-encoder-webm-vp8: eb34c28f22e8b96e1ab97ce403110664 -> 
  custom:framework-osx-AVFoundation: e770b220cccbd017edd2c1fefb359320 -> 
  custom:audio-encoder-webm-vorbis: bf7c407c2cedff20999df2af8eb42d56 -> 
  custom:container-demuxer-ogg: 62fdf1f143b41e24485cea50d1cbac27 -> 
  custom:video-decoder-webm-vp8: 9c59270c3fd7afecdb556c50c9e8de78 -> 
  custom:audio-decoder-ogg-vorbis: bf7c407c2cedff20999df2af8eb42d56 -> 
========================================================================
Received Import Request.
  Time since last request: 4395225.333189 seconds.
  path: Assets/Prefabs/Plants/Plant01.prefab
  artifactKey: Guid(437ff414ed9ec4abfbcfd15fe1379ed1) Importer(815301076,1909f56bfc062723c751e8b465ee728b)
Start importing Assets/Prefabs/Plants/Plant01.prefab using Guid(437ff414ed9ec4abfbcfd15fe1379ed1) Importer(815301076,1909f56bfc062723c751e8b465ee728b)  -> (artifact id: '937170505e57f30816f2a815aa3ac0a5') in 0.275696 seconds 
========================================================================
Received Import Request.
  Time since last request: 1.096744 seconds.
  path: Assets/Prefabs/Monsters/Albix.prefab
  artifactKey: Guid(095a7f8828f2942fca1f14b100f91c10) Importer(815301076,1909f56bfc062723c751e8b465ee728b)
Start importing Assets/Prefabs/Monsters/Albix.prefab using Guid(095a7f8828f2942fca1f14b100f91c10) Importer(815301076,1909f56bfc062723c751e8b465ee728b)  -> (artifact id: '009921f351bc309e85087d6a84fe8cfa') in 0.017482 seconds 
========================================================================
Received Import Request.
  Time since last request: 0.000063 seconds.
  path: Assets/Prefabs/Monsters/Glaivesect.prefab
  artifactKey: Guid(f5b38b79d8c6743c6af5d038dfcb66bd) Importer(815301076,1909f56bfc062723c751e8b465ee728b)
Start importing Assets/Prefabs/Monsters/Glaivesect.prefab using Guid(f5b38b79d8c6743c6af5d038dfcb66bd) Importer(815301076,1909f56bfc062723c751e8b465ee728b)  -> (artifact id: '630af9029f6592fbff98e839ff784749') in 0.028093 seconds 
========================================================================
Received Import Request.
  Time since last request: 0.006672 seconds.
  path: Assets/Prefabs/Monsters/Nipluck.prefab
  artifactKey: Guid(20ba91989cd004e0384374332eafc83e) Importer(815301076,1909f56bfc062723c751e8b465ee728b)
Start importing Assets/Prefabs/Monsters/Nipluck.prefab using Guid(20ba91989cd004e0384374332eafc83e) Importer(815301076,1909f56bfc062723c751e8b465ee728b)  -> (artifact id: '42dc81fbeedaae122cda44f5727c929b') in 0.015245 seconds 
========================================================================
Received Import Request.
  Time since last request: 0.000130 seconds.
  path: Assets/Prefabs/Monsters/Slurmup.prefab
  artifactKey: Guid(33a867b8115b64b52a116723a1cb4d4a) Importer(815301076,1909f56bfc062723c751e8b465ee728b)
Start importing Assets/Prefabs/Monsters/Slurmup.prefab using Guid(33a867b8115b64b52a116723a1cb4d4a) Importer(815301076,1909f56bfc062723c751e8b465ee728b)  -> (artifact id: '30250b9f8e78bb1c666bb53fc2dacf7b') in 0.016669 seconds 
========================================================================
Received Import Request.
  Time since last request: 0.000087 seconds.
  path: Assets/Prefabs/Monsters/Boarsch.prefab
  artifactKey: Guid(e139cfafac9b54651b16bb727788b2a7) Importer(815301076,1909f56bfc062723c751e8b465ee728b)
Start importing Assets/Prefabs/Monsters/Boarsch.prefab using Guid(e139cfafac9b54651b16bb727788b2a7) Importer(815301076,1909f56bfc062723c751e8b465ee728b)  -> (artifact id: 'bcba147c9c157c450b4b7aff0f685bde') in 0.020799 seconds 
========================================================================
Received Import Request.
  Time since last request: 0.000086 seconds.
  path: Assets/Prefabs/Monsters/Snowlyne.prefab
  artifactKey: Guid(a37fa7805e83543fda9865f58449e4b4) Importer(815301076,1909f56bfc062723c751e8b465ee728b)
Start importing Assets/Prefabs/Monsters/Snowlyne.prefab using Guid(a37fa7805e83543fda9865f58449e4b4) Importer(815301076,1909f56bfc062723c751e8b465ee728b)  -> (artifact id: '0d851a3c340ce444db557f0a4b79349e') in 0.015534 seconds 
========================================================================
Received Import Request.
  Time since last request: 0.000084 seconds.
  path: Assets/Prefabs/Monsters/Jojoi.prefab
  artifactKey: Guid(c9846e8a242b74a4c8ec273acb7771bc) Importer(815301076,1909f56bfc062723c751e8b465ee728b)
Start importing Assets/Prefabs/Monsters/Jojoi.prefab using Guid(c9846e8a242b74a4c8ec273acb7771bc) Importer(815301076,1909f56bfc062723c751e8b465ee728b)  -> (artifact id: '282027af415fec7ca465164b0246e4e5') in 0.032435 seconds 
========================================================================
Received Import Request.
  Time since last request: 0.000109 seconds.
  path: Assets/Prefabs/Monsters/Vibilant.prefab
  artifactKey: Guid(176d27c1e91944983ac838245f7f9574) Importer(815301076,1909f56bfc062723c751e8b465ee728b)
Start importing Assets/Prefabs/Monsters/Vibilant.prefab using Guid(176d27c1e91944983ac838245f7f9574) Importer(815301076,1909f56bfc062723c751e8b465ee728b)  -> (artifact id: 'c9a9e1517887c2c7fa47eb9b37a64b46') in 0.016691 seconds 
========================================================================
Received Import Request.
  Time since last request: 0.000114 seconds.
  path: Assets/Prefabs/Monsters/Ifrith.prefab
  artifactKey: Guid(b0145a39cdffb479e8bf4348e6cdb0ce) Importer(815301076,1909f56bfc062723c751e8b465ee728b)
Start importing Assets/Prefabs/Monsters/Ifrith.prefab using Guid(b0145a39cdffb479e8bf4348e6cdb0ce) Importer(815301076,1909f56bfc062723c751e8b465ee728b)  -> (artifact id: 'f77bd233ac6f19e530df27af074b7a78') in 0.016465 seconds 
========================================================================
Received Import Request.
  Time since last request: 0.000081 seconds.
  path: Assets/Prefabs/Monsters/Cave Thorn.prefab
  artifactKey: Guid(72ee6d91a3e364005ba7e6c99f6a2e4e) Importer(815301076,1909f56bfc062723c751e8b465ee728b)
Start importing Assets/Prefabs/Monsters/Cave Thorn.prefab using Guid(72ee6d91a3e364005ba7e6c99f6a2e4e) Importer(815301076,1909f56bfc062723c751e8b465ee728b)  -> (artifact id: '88ec1268036f970bc6790177bd5deef5') in 0.018427 seconds 
========================================================================
Received Import Request.
  Time since last request: 0.000128 seconds.
  path: Assets/Prefabs/Monsters/Sickle Fox.prefab
  artifactKey: Guid(dd04dbd9398ac4cef81b326dc722d09f) Importer(815301076,1909f56bfc062723c751e8b465ee728b)
Start importing Assets/Prefabs/Monsters/Sickle Fox.prefab using Guid(dd04dbd9398ac4cef81b326dc722d09f) Importer(815301076,1909f56bfc062723c751e8b465ee728b)  -> (artifact id: '29218c0ff991db80965d1223ceef9d9b') in 0.043604 seconds 
========================================================================
Received Import Request.
  Time since last request: 0.191791 seconds.
  path: Assets/Prefabs/PausePanels/PauseCanvas.prefab
  artifactKey: Guid(4ae59851ebced4a36b3486e82bfaf924) Importer(815301076,1909f56bfc062723c751e8b465ee728b)
Start importing Assets/Prefabs/PausePanels/PauseCanvas.prefab using Guid(4ae59851ebced4a36b3486e82bfaf924) Importer(815301076,1909f56bfc062723c751e8b465ee728b)  -> (artifact id: '99abc697321995c2118957e239e7b94e') in 0.015229 seconds 
========================================================================
Received Import Request.
  Time since last request: 23.284666 seconds.
  path: Assets/Prefabs/Audio/forestmusic.mp3
  artifactKey: Guid(8e19cf41603b64919a52fea287a82a03) Importer(815301076,1909f56bfc062723c751e8b465ee728b)
Start importing Assets/Prefabs/Audio/forestmusic.mp3 using Guid(8e19cf41603b64919a52fea287a82a03) Importer(815301076,1909f56bfc062723c751e8b465ee728b)  -> (artifact id: '3a2188f2cd57315c12ba0ed77285eb95') in 1.556094 seconds 
========================================================================
Received Import Request.
  Time since last request: 4.734219 seconds.
  path: Assets/Prefabs/Grids/Augusta/AugustaHighway/AugustaHighway.prefab
  artifactKey: Guid(cfb543db78cf44f179a0aeaa1dca0eb7) Importer(815301076,1909f56bfc062723c751e8b465ee728b)
Start importing Assets/Prefabs/Grids/Augusta/AugustaHighway/AugustaHighway.prefab using Guid(cfb543db78cf44f179a0aeaa1dca0eb7) Importer(815301076,1909f56bfc062723c751e8b465ee728b)  -> (artifact id: '1d6ac718c37511b244abd0acdc4b4d74') in 0.050970 seconds 
========================================================================
Received Import Request.
  Time since last request: 0.936094 seconds.
  path: Assets/Prefabs/Grids/CobblesTown/CobblesTown.prefab
  artifactKey: Guid(b96632385398741969124018654bb524) Importer(815301076,1909f56bfc062723c751e8b465ee728b)
Start importing Assets/Prefabs/Grids/CobblesTown/CobblesTown.prefab using Guid(b96632385398741969124018654bb524) Importer(815301076,1909f56bfc062723c751e8b465ee728b)  -> (artifact id: '1cbdaa115d9a20e1c316912546f402a6') in 0.077393 seconds 
========================================================================
Received Import Request.
  Time since last request: 0.476012 seconds.
  path: Assets/Prefabs/Grids/CobblesTown/Orphanage/CobblesTownOrphanage.prefab
  artifactKey: Guid(441af4d6b5b744b6e948cc92ba2ffca1) Importer(815301076,1909f56bfc062723c751e8b465ee728b)
Start importing Assets/Prefabs/Grids/CobblesTown/Orphanage/CobblesTownOrphanage.prefab using Guid(441af4d6b5b744b6e948cc92ba2ffca1) Importer(815301076,1909f56bfc062723c751e8b465ee728b)  -> (artifact id: '79321d323d0f33d88bc23becda8771f0') in 0.051106 seconds 
========================================================================
Received Import Request.
  Time since last request: 3.709933 seconds.
  path: Assets/Prefabs/Grids/CobblesTown/Orphanage/Dungeons
  artifactKey: Guid(89df52506eeb946c499a511ba3689809) Importer(815301076,1909f56bfc062723c751e8b465ee728b)
Start importing Assets/Prefabs/Grids/CobblesTown/Orphanage/Dungeons using Guid(89df52506eeb946c499a511ba3689809) Importer(815301076,1909f56bfc062723c751e8b465ee728b)  -> (artifact id: '2e0bea8c5438f6a4d6ebc69a03f1149e') in 0.001209 seconds 
========================================================================
Received Import Request.
  Time since last request: 94.948339 seconds.
  path: Assets/Scenes
  artifactKey: Guid(884cf2ecd3a9e4ae2ba3097c47632084) Importer(815301076,1909f56bfc062723c751e8b465ee728b)
Start importing Assets/Scenes using Guid(884cf2ecd3a9e4ae2ba3097c47632084) Importer(815301076,1909f56bfc062723c751e8b465ee728b)  -> (artifact id: 'fa7350aafe6f1f625331def1b0d48fba') in 0.001457 seconds 
========================================================================
Received Import Request.
  Time since last request: 4944.714905 seconds.
  path: Assets/Prefabs/Items/Bandage.prefab
  artifactKey: Guid(65e9594cad6a1412cb1105dbf59b58fd) Importer(815301076,1909f56bfc062723c751e8b465ee728b)
Start importing Assets/Prefabs/Items/Bandage.prefab using Guid(65e9594cad6a1412cb1105dbf59b58fd) Importer(815301076,1909f56bfc062723c751e8b465ee728b)  -> (artifact id: '05b489350472f31dcc812b79d1c09588') in 0.038236 seconds 
========================================================================
Received Import Request.
  Time since last request: 0.000077 seconds.
  path: Assets/Prefabs/Items/Stim.prefab
  artifactKey: Guid(7dfc73d2fe8b64f969065d5962a5ea9b) Importer(815301076,1909f56bfc062723c751e8b465ee728b)
Start importing Assets/Prefabs/Items/Stim.prefab using Guid(7dfc73d2fe8b64f969065d5962a5ea9b) Importer(815301076,1909f56bfc062723c751e8b465ee728b)  -> (artifact id: 'c2c89b150b413308cfc4cd0683ba8358') in 0.020955 seconds 
========================================================================
Received Import Request.
  Time since last request: 0.000102 seconds.
  path: Assets/Prefabs/Items/Resurrect.prefab
  artifactKey: Guid(e1877e8830e3e4e5a964e76005a8b132) Importer(815301076,1909f56bfc062723c751e8b465ee728b)
Start importing Assets/Prefabs/Items/Resurrect.prefab using Guid(e1877e8830e3e4e5a964e76005a8b132) Importer(815301076,1909f56bfc062723c751e8b465ee728b)  -> (artifact id: '6852710ec8be09e5ed93f7d7fe276695') in 0.024778 seconds 
========================================================================
Received Prepare
Registering precompiled user dll's ...
Registered in 0.003384 seconds.
Begin MonoManager ReloadAssembly
Native extension for OSXStandalone target not found
Native extension for WebGL target not found
Refreshing native plugins compatible for Editor in 1.10 ms, found 2 plugins.
Preloading 0 native plugins for Editor in 0.00 ms.
Mono: successfully reloaded assembly
- Completed reload, in  1.428 seconds
Domain Reload Profiling:
	ReloadAssembly (1429ms)
		BeginReloadAssembly (208ms)
			ExecutionOrderSort (0ms)
			DisableScriptedObjects (11ms)
			BackupInstance (0ms)
			ReleaseScriptingObjects (0ms)
			CreateAndSetChildDomain (94ms)
		EndReloadAssembly (1104ms)
			LoadAssemblies (83ms)
			RebuildTransferFunctionScriptingTraits (1ms)
			SetupTypeCache (324ms)
			ReleaseScriptCaches (1ms)
			RebuildScriptCaches (64ms)
			SetupLoadedEditorAssemblies (564ms)
				LogAssemblyErrors (0ms)
				InitializePlatformSupportModulesInManaged (13ms)
				SetLoadedEditorAssemblies (1ms)
				RefreshPlugins (1ms)
				BeforeProcessingInitializeOnLoad (61ms)
				ProcessInitializeOnLoadAttributes (299ms)
				ProcessInitializeOnLoadMethodAttributes (188ms)
				AfterProcessingInitializeOnLoad (1ms)
				EditorAssembliesLoaded (0ms)
			ExecutionOrderSort2 (0ms)
			AwakeInstancesAfterBackupRestoration (7ms)
Platform modules already initialized, skipping
Refreshing native plugins compatible for Editor in 3.37 ms, found 2 plugins.
Preloading 0 native plugins for Editor in 0.00 ms.
Unloading 2935 Unused Serialized files (Serialized files now loaded: 0)
Unloading 51 unused Assets / (24.8 KB). Loaded Objects now: 3403.
Memory consumption went from 222.4 MB to 222.3 MB.
Total: 8.356034 ms (FindLiveObjects: 0.244743 ms CreateObjectMapping: 0.160248 ms MarkObjects: 7.897009 ms  DeleteObjects: 0.052735 ms)

AssetImportParameters requested are different than current active one (requested -> active):
  custom:video-decoder-ogg-theora: a1e56fd34408186e4bbccfd4996cb3dc -> 
  custom:container-muxer-webm: aa71ff27fc2769a1b78a27578f13a17b -> 
  custom:container-demuxer-webm: 4f35f7cbe854078d1ac9338744f61a02 -> 
  custom:video-encoder-webm-vp8: eb34c28f22e8b96e1ab97ce403110664 -> 
  custom:framework-osx-AVFoundation: e770b220cccbd017edd2c1fefb359320 -> 
  custom:audio-encoder-webm-vorbis: bf7c407c2cedff20999df2af8eb42d56 -> 
  custom:container-demuxer-ogg: 62fdf1f143b41e24485cea50d1cbac27 -> 
  custom:video-decoder-webm-vp8: 9c59270c3fd7afecdb556c50c9e8de78 -> 
  custom:audio-decoder-ogg-vorbis: bf7c407c2cedff20999df2af8eb42d56 -> 
========================================================================
Received Prepare
Registering precompiled user dll's ...
Registered in 0.003471 seconds.
Begin MonoManager ReloadAssembly
Native extension for OSXStandalone target not found
Native extension for WebGL target not found
Refreshing native plugins compatible for Editor in 1.26 ms, found 2 plugins.
Preloading 0 native plugins for Editor in 0.00 ms.
Mono: successfully reloaded assembly
- Completed reload, in  1.308 seconds
Domain Reload Profiling:
	ReloadAssembly (1309ms)
		BeginReloadAssembly (133ms)
			ExecutionOrderSort (0ms)
			DisableScriptedObjects (8ms)
			BackupInstance (0ms)
			ReleaseScriptingObjects (0ms)
			CreateAndSetChildDomain (45ms)
		EndReloadAssembly (1064ms)
			LoadAssemblies (73ms)
			RebuildTransferFunctionScriptingTraits (0ms)
			SetupTypeCache (285ms)
			ReleaseScriptCaches (1ms)
			RebuildScriptCaches (67ms)
			SetupLoadedEditorAssemblies (560ms)
				LogAssemblyErrors (0ms)
				InitializePlatformSupportModulesInManaged (13ms)
				SetLoadedEditorAssemblies (1ms)
				RefreshPlugins (1ms)
				BeforeProcessingInitializeOnLoad (62ms)
				ProcessInitializeOnLoadAttributes (293ms)
				ProcessInitializeOnLoadMethodAttributes (189ms)
				AfterProcessingInitializeOnLoad (1ms)
				EditorAssembliesLoaded (0ms)
			ExecutionOrderSort2 (0ms)
			AwakeInstancesAfterBackupRestoration (7ms)
Platform modules already initialized, skipping
Refreshing native plugins compatible for Editor in 3.79 ms, found 2 plugins.
Preloading 0 native plugins for Editor in 0.00 ms.
Unloading 2935 Unused Serialized files (Serialized files now loaded: 0)
Unloading 49 unused Assets / (23.3 KB). Loaded Objects now: 3406.
Memory consumption went from 222.7 MB to 222.7 MB.
Total: 8.744706 ms (FindLiveObjects: 0.304845 ms CreateObjectMapping: 0.226857 ms MarkObjects: 8.176687 ms  DeleteObjects: 0.035094 ms)

AssetImportParameters requested are different than current active one (requested -> active):
  custom:video-decoder-ogg-theora: a1e56fd34408186e4bbccfd4996cb3dc -> 
  custom:container-muxer-webm: aa71ff27fc2769a1b78a27578f13a17b -> 
  custom:container-demuxer-webm: 4f35f7cbe854078d1ac9338744f61a02 -> 
  custom:video-encoder-webm-vp8: eb34c28f22e8b96e1ab97ce403110664 -> 
  custom:framework-osx-AVFoundation: e770b220cccbd017edd2c1fefb359320 -> 
  custom:audio-encoder-webm-vorbis: bf7c407c2cedff20999df2af8eb42d56 -> 
  custom:container-demuxer-ogg: 62fdf1f143b41e24485cea50d1cbac27 -> 
  custom:video-decoder-webm-vp8: 9c59270c3fd7afecdb556c50c9e8de78 -> 
  custom:audio-decoder-ogg-vorbis: bf7c407c2cedff20999df2af8eb42d56 -> 
========================================================================
Received Prepare
Registering precompiled user dll's ...
Registered in 0.002996 seconds.
Begin MonoManager ReloadAssembly
Native extension for OSXStandalone target not found
Native extension for WebGL target not found
Refreshing native plugins compatible for Editor in 1.21 ms, found 2 plugins.
Preloading 0 native plugins for Editor in 0.00 ms.
Mono: successfully reloaded assembly
- Completed reload, in  1.368 seconds
Domain Reload Profiling:
	ReloadAssembly (1369ms)
		BeginReloadAssembly (133ms)
			ExecutionOrderSort (0ms)
			DisableScriptedObjects (8ms)
			BackupInstance (0ms)
			ReleaseScriptingObjects (0ms)
			CreateAndSetChildDomain (45ms)
		EndReloadAssembly (1108ms)
			LoadAssemblies (78ms)
			RebuildTransferFunctionScriptingTraits (0ms)
			SetupTypeCache (315ms)
			ReleaseScriptCaches (1ms)
			RebuildScriptCaches (69ms)
			SetupLoadedEditorAssemblies (566ms)
				LogAssemblyErrors (0ms)
				InitializePlatformSupportModulesInManaged (13ms)
				SetLoadedEditorAssemblies (1ms)
				RefreshPlugins (1ms)
				BeforeProcessingInitializeOnLoad (64ms)
				ProcessInitializeOnLoadAttributes (295ms)
				ProcessInitializeOnLoadMethodAttributes (190ms)
				AfterProcessingInitializeOnLoad (1ms)
				EditorAssembliesLoaded (0ms)
			ExecutionOrderSort2 (0ms)
			AwakeInstancesAfterBackupRestoration (7ms)
Platform modules already initialized, skipping
Refreshing native plugins compatible for Editor in 3.14 ms, found 2 plugins.
Preloading 0 native plugins for Editor in 0.00 ms.
Unloading 2935 Unused Serialized files (Serialized files now loaded: 0)
Unloading 49 unused Assets / (23.0 KB). Loaded Objects now: 3409.
Memory consumption went from 223.0 MB to 222.9 MB.
Total: 7.438071 ms (FindLiveObjects: 0.252498 ms CreateObjectMapping: 0.193550 ms MarkObjects: 6.904215 ms  DeleteObjects: 0.065892 ms)

AssetImportParameters requested are different than current active one (requested -> active):
  custom:video-decoder-ogg-theora: a1e56fd34408186e4bbccfd4996cb3dc -> 
  custom:container-muxer-webm: aa71ff27fc2769a1b78a27578f13a17b -> 
  custom:container-demuxer-webm: 4f35f7cbe854078d1ac9338744f61a02 -> 
  custom:video-encoder-webm-vp8: eb34c28f22e8b96e1ab97ce403110664 -> 
  custom:framework-osx-AVFoundation: e770b220cccbd017edd2c1fefb359320 -> 
  custom:audio-encoder-webm-vorbis: bf7c407c2cedff20999df2af8eb42d56 -> 
  custom:container-demuxer-ogg: 62fdf1f143b41e24485cea50d1cbac27 -> 
  custom:video-decoder-webm-vp8: 9c59270c3fd7afecdb556c50c9e8de78 -> 
  custom:audio-decoder-ogg-vorbis: bf7c407c2cedff20999df2af8eb42d56 -> 
========================================================================
Received Import Request.
  Time since last request: 1138.330251 seconds.
  path: Assets/Scenes/TitleScene.unity
  artifactKey: Guid(1467439626a184a319e9e99e880abf37) Importer(815301076,1909f56bfc062723c751e8b465ee728b)
Start importing Assets/Scenes/TitleScene.unity using Guid(1467439626a184a319e9e99e880abf37) Importer(815301076,1909f56bfc062723c751e8b465ee728b)  -> (artifact id: 'df021f4ecf6dda03d4cb332435ed5e31') in 0.011305 seconds 
========================================================================
Received Import Request.
  Time since last request: 0.710595 seconds.
  path: Assets/Scenes/SlideshowScene.unity
  artifactKey: Guid(e10f5f72c80e74cba862487e138e6494) Importer(815301076,1909f56bfc062723c751e8b465ee728b)
Start importing Assets/Scenes/SlideshowScene.unity using Guid(e10f5f72c80e74cba862487e138e6494) Importer(815301076,1909f56bfc062723c751e8b465ee728b)  -> (artifact id: 'e7c2268cab05f6fdb42b9b2b427e78fb') in 0.001227 seconds 
========================================================================
Received Import Request.
  Time since last request: 0.761425 seconds.
  path: Assets/Scenes/PuzzleScene.unity
  artifactKey: Guid(3d17e060ce7584c93b28468876c2cc11) Importer(815301076,1909f56bfc062723c751e8b465ee728b)
Start importing Assets/Scenes/PuzzleScene.unity using Guid(3d17e060ce7584c93b28468876c2cc11) Importer(815301076,1909f56bfc062723c751e8b465ee728b)  -> (artifact id: '2da7a6f0f24d3c7632f11cca86ae1451') in 0.001311 seconds 
========================================================================
Received Import Request.
  Time since last request: 1.128837 seconds.
  path: Assets/Scenes/BattleScene.unity
  artifactKey: Guid(7c339f248f7064b2088440a77419c646) Importer(815301076,1909f56bfc062723c751e8b465ee728b)
Start importing Assets/Scenes/BattleScene.unity using Guid(7c339f248f7064b2088440a77419c646) Importer(815301076,1909f56bfc062723c751e8b465ee728b)  -> (artifact id: 'fb6118d1134e38d9c6b246753b74b8d9') in 0.001096 seconds 
========================================================================
Received Prepare
Registering precompiled user dll's ...
Registered in 0.008394 seconds.
Begin MonoManager ReloadAssembly
Native extension for OSXStandalone target not found
Native extension for WebGL target not found
Refreshing native plugins compatible for Editor in 0.94 ms, found 2 plugins.
Preloading 0 native plugins for Editor in 0.00 ms.
Mono: successfully reloaded assembly
- Completed reload, in  1.028 seconds
Domain Reload Profiling:
	ReloadAssembly (1029ms)
		BeginReloadAssembly (123ms)
			ExecutionOrderSort (0ms)
			DisableScriptedObjects (8ms)
			BackupInstance (0ms)
			ReleaseScriptingObjects (0ms)
			CreateAndSetChildDomain (42ms)
		EndReloadAssembly (796ms)
			LoadAssemblies (65ms)
			RebuildTransferFunctionScriptingTraits (0ms)
			SetupTypeCache (226ms)
			ReleaseScriptCaches (1ms)
			RebuildScriptCaches (46ms)
			SetupLoadedEditorAssemblies (415ms)
				LogAssemblyErrors (0ms)
				InitializePlatformSupportModulesInManaged (9ms)
				SetLoadedEditorAssemblies (1ms)
				RefreshPlugins (1ms)
				BeforeProcessingInitializeOnLoad (46ms)
				ProcessInitializeOnLoadAttributes (223ms)
				ProcessInitializeOnLoadMethodAttributes (134ms)
				AfterProcessingInitializeOnLoad (1ms)
				EditorAssembliesLoaded (0ms)
			ExecutionOrderSort2 (0ms)
			AwakeInstancesAfterBackupRestoration (5ms)
Platform modules already initialized, skipping
Refreshing native plugins compatible for Editor in 3.40 ms, found 2 plugins.
Preloading 0 native plugins for Editor in 0.00 ms.
Unloading 2935 Unused Serialized files (Serialized files now loaded: 0)
Unloading 49 unused Assets / (23.0 KB). Loaded Objects now: 3412.
Memory consumption went from 223.2 MB to 223.2 MB.
Total: 7.860362 ms (FindLiveObjects: 0.242519 ms CreateObjectMapping: 0.149442 ms MarkObjects: 7.432238 ms  DeleteObjects: 0.035202 ms)

AssetImportParameters requested are different than current active one (requested -> active):
  custom:video-decoder-ogg-theora: a1e56fd34408186e4bbccfd4996cb3dc -> 
  custom:container-muxer-webm: aa71ff27fc2769a1b78a27578f13a17b -> 
  custom:container-demuxer-webm: 4f35f7cbe854078d1ac9338744f61a02 -> 
  custom:video-encoder-webm-vp8: eb34c28f22e8b96e1ab97ce403110664 -> 
  custom:framework-osx-AVFoundation: e770b220cccbd017edd2c1fefb359320 -> 
  custom:audio-encoder-webm-vorbis: bf7c407c2cedff20999df2af8eb42d56 -> 
  custom:container-demuxer-ogg: 62fdf1f143b41e24485cea50d1cbac27 -> 
  custom:video-decoder-webm-vp8: 9c59270c3fd7afecdb556c50c9e8de78 -> 
  custom:audio-decoder-ogg-vorbis: bf7c407c2cedff20999df2af8eb42d56 -> 
========================================================================
Received Import Request.
  Time since last request: 1663.804156 seconds.
  path: Assets/Scenes/BejeweledScene.unity
  artifactKey: Guid(09a735d342d1a42c4890bb50996d3213) Importer(815301076,1909f56bfc062723c751e8b465ee728b)
Start importing Assets/Scenes/BejeweledScene.unity using Guid(09a735d342d1a42c4890bb50996d3213) Importer(815301076,1909f56bfc062723c751e8b465ee728b)  -> (artifact id: '8ecde1fdfea3ffe7d3613506f4257220') in 0.005853 seconds 
========================================================================
Received Import Request.
  Time since last request: 0.807677 seconds.
  path: Assets/Scenes/BejeweledScene2.unity
  artifactKey: Guid(ed9e35d64d36a4243b75f864c04ef5c1) Importer(815301076,1909f56bfc062723c751e8b465ee728b)
Start importing Assets/Scenes/BejeweledScene2.unity using Guid(ed9e35d64d36a4243b75f864c04ef5c1) Importer(815301076,1909f56bfc062723c751e8b465ee728b)  -> (artifact id: '55901527ef6e7ee5c285bccc5c4c48ef') in 0.003159 seconds 
========================================================================
Received Prepare
Registering precompiled user dll's ...
Registered in 0.001847 seconds.
Begin MonoManager ReloadAssembly
Native extension for OSXStandalone target not found
Native extension for WebGL target not found
Refreshing native plugins compatible for Editor in 1.19 ms, found 2 plugins.
Preloading 0 native plugins for Editor in 0.00 ms.
Mono: successfully reloaded assembly
- Completed reload, in  1.342 seconds
Domain Reload Profiling:
	ReloadAssembly (1342ms)
		BeginReloadAssembly (132ms)
			ExecutionOrderSort (0ms)
			DisableScriptedObjects (7ms)
			BackupInstance (0ms)
			ReleaseScriptingObjects (0ms)
			CreateAndSetChildDomain (45ms)
		EndReloadAssembly (1102ms)
			LoadAssemblies (74ms)
			RebuildTransferFunctionScriptingTraits (0ms)
			SetupTypeCache (306ms)
			ReleaseScriptCaches (1ms)
			RebuildScriptCaches (66ms)
			SetupLoadedEditorAssemblies (581ms)
				LogAssemblyErrors (0ms)
				InitializePlatformSupportModulesInManaged (12ms)
				SetLoadedEditorAssemblies (1ms)
				RefreshPlugins (1ms)
				BeforeProcessingInitializeOnLoad (60ms)
				ProcessInitializeOnLoadAttributes (299ms)
				ProcessInitializeOnLoadMethodAttributes (206ms)
				AfterProcessingInitializeOnLoad (1ms)
				EditorAssembliesLoaded (0ms)
			ExecutionOrderSort2 (0ms)
			AwakeInstancesAfterBackupRestoration (6ms)
Platform modules already initialized, skipping
Refreshing native plugins compatible for Editor in 3.82 ms, found 2 plugins.
Preloading 0 native plugins for Editor in 0.00 ms.
Unloading 2935 Unused Serialized files (Serialized files now loaded: 0)
Unloading 49 unused Assets / (24.4 KB). Loaded Objects now: 3415.
Memory consumption went from 223.4 MB to 223.4 MB.
Total: 7.798517 ms (FindLiveObjects: 0.291504 ms CreateObjectMapping: 0.174856 ms MarkObjects: 7.298642 ms  DeleteObjects: 0.032355 ms)

AssetImportParameters requested are different than current active one (requested -> active):
  custom:video-decoder-ogg-theora: a1e56fd34408186e4bbccfd4996cb3dc -> 
  custom:container-muxer-webm: aa71ff27fc2769a1b78a27578f13a17b -> 
  custom:container-demuxer-webm: 4f35f7cbe854078d1ac9338744f61a02 -> 
  custom:video-encoder-webm-vp8: eb34c28f22e8b96e1ab97ce403110664 -> 
  custom:framework-osx-AVFoundation: e770b220cccbd017edd2c1fefb359320 -> 
  custom:audio-encoder-webm-vorbis: bf7c407c2cedff20999df2af8eb42d56 -> 
  custom:container-demuxer-ogg: 62fdf1f143b41e24485cea50d1cbac27 -> 
  custom:video-decoder-webm-vp8: 9c59270c3fd7afecdb556c50c9e8de78 -> 
  custom:audio-decoder-ogg-vorbis: bf7c407c2cedff20999df2af8eb42d56 -> 
